<?xml version="1.0" encoding="UTF-8"?>
<testng-results ignored="0" total="2" passed="2" failed="0" skipped="0">
  <reporter-output>
  </reporter-output>
  <suite started-at="2022-12-20T13:34:17 WAT" name="Default suite" finished-at="2022-12-20T13:34:19 WAT" duration-ms="2618">
    <groups>
    </groups>
    <test started-at="2022-12-20T13:34:17 WAT" name="Default test" finished-at="2022-12-20T13:34:19 WAT" duration-ms="2618">
      <class name="DataDrivenExamples">
        <test-method signature="data_for_delete(int)[pri:0, instance:DataDrivenExamples@18ce0030]" started-at="2022-12-20T13:34:17 WAT" name="data_for_delete" data-provider="DeleteData" finished-at="2022-12-20T13:34:19 WAT" duration-ms="2510" status="PASS">
          <params>
            <param index="0">
              <value>
                <![CDATA[7]]>
              </value>
            </param>
          </params>
          <reporter-output>
          </reporter-output>
        </test-method> <!-- data_for_delete -->
        <test-method signature="data_for_delete(int)[pri:0, instance:DataDrivenExamples@18ce0030]" started-at="2022-12-20T13:34:19 WAT" name="data_for_delete" data-provider="DeleteData" finished-at="2022-12-20T13:34:19 WAT" duration-ms="43" status="PASS">
          <params>
            <param index="0">
              <value>
                <![CDATA[8]]>
              </value>
            </param>
          </params>
          <reporter-output>
          </reporter-output>
        </test-method> <!-- data_for_delete -->
      </class> <!-- DataDrivenExamples -->
    </test> <!-- Default test -->
  </suite> <!-- Default suite -->
</testng-results>
